<?xml version="1.0" encoding="UTF-8"?>
<testsuite name="Aptitude.Test.TestScript" tests="1" skipped="0" failures="0" errors="0" timestamp="2023-03-18T17:55:17" hostname="DESKTOP-957INK7" time="27.234">
  <properties/>
  <testcase name="TestOrderList()" classname="Aptitude.Test.TestScript" time="27.234"/>
  <system-out><![CDATA[[0.8, 1.5, 1.5, 1.6, 1.6, 1.6, 1.6, 1.6, 1.8]
[0.8, 1.5, 1.5, 1.6, 1.6, 1.6, 1.6, 1.6, 1.8, 2.0, 2.0, 2.0, 2.0, 2.0, 2.0, 2.0, 2.0, 2.1]
[0.8, 1.5, 1.5, 1.6, 1.6, 1.6, 1.6, 1.6, 1.8, 2.0, 2.0, 2.0, 2.0, 2.0, 2.0, 2.0, 2.0, 2.1, 2.3, 2.3, 2.3, 2.5, 2.5, 2.5, 2.5, 2.5, 2.5]
[0.8, 1.5, 1.5, 1.6, 1.6, 1.6, 1.6, 1.6, 1.8, 2.0, 2.0, 2.0, 2.0, 2.0, 2.0, 2.0, 2.0, 2.1, 2.3, 2.3, 2.3, 2.5, 2.5, 2.5, 2.5, 2.5, 2.5, 2.5, 2.5, 2.7, 2.75, 2.8, 2.8, 2.8, 2.8, 2.8]
[0.8, 1.5, 1.5, 1.6, 1.6, 1.6, 1.6, 1.6, 1.8, 2.0, 2.0, 2.0, 2.0, 2.0, 2.0, 2.0, 2.0, 2.1, 2.3, 2.3, 2.3, 2.5, 2.5, 2.5, 2.5, 2.5, 2.5, 2.5, 2.5, 2.7, 2.75, 2.8, 2.8, 2.8, 2.8, 2.8, 2.8, 2.8, 2.8, 2.8, 2.8, 2.8, 3.0, 3.1, 3.1]
[0.8, 1.5, 1.5, 1.6, 1.6, 1.6, 1.6, 1.6, 1.8, 2.0, 2.0, 2.0, 2.0, 2.0, 2.0, 2.0, 2.0, 2.1, 2.3, 2.3, 2.3, 2.5, 2.5, 2.5, 2.5, 2.5, 2.5, 2.5, 2.5, 2.7, 2.75, 2.8, 2.8, 2.8, 2.8, 2.8, 2.8, 2.8, 2.8, 2.8, 2.8, 2.8, 3.0, 3.1, 3.1, 3.25, 3.25, 3.5, 4.0, 4.0, 4.2, 4.2, 4.4, 4.5]
[0.8, 1.5, 1.5, 1.6, 1.6, 1.6, 1.6, 1.6, 1.8, 2.0, 2.0, 2.0, 2.0, 2.0, 2.0, 2.0, 2.0, 2.1, 2.3, 2.3, 2.3, 2.5, 2.5, 2.5, 2.5, 2.5, 2.5, 2.5, 2.5, 2.7, 2.75, 2.8, 2.8, 2.8, 2.8, 2.8, 2.8, 2.8, 2.8, 2.8, 2.8, 2.8, 3.0, 3.1, 3.1, 3.25, 3.25, 3.5, 4.0, 4.0, 4.2, 4.2, 4.4, 4.5, 4.5, 4.5, 4.8, 4.8, 4.95, 5.0, 5.0, 5.0, 5.25]
[0.8, 1.5, 1.5, 1.6, 1.6, 1.6, 1.6, 1.6, 1.8, 2.0, 2.0, 2.0, 2.0, 2.0, 2.0, 2.0, 2.0, 2.1, 2.3, 2.3, 2.3, 2.5, 2.5, 2.5, 2.5, 2.5, 2.5, 2.5, 2.5, 2.7, 2.75, 2.8, 2.8, 2.8, 2.8, 2.8, 2.8, 2.8, 2.8, 2.8, 2.8, 2.8, 3.0, 3.1, 3.1, 3.25, 3.25, 3.5, 4.0, 4.0, 4.2, 4.2, 4.4, 4.5, 4.5, 4.5, 4.8, 4.8, 4.95, 5.0, 5.0, 5.0, 5.25, 5.25, 5.25, 5.5, 5.8, 5.8, 5.8, 5.8, 5.95, 5.95]
[0.8, 1.5, 1.5, 1.6, 1.6, 1.6, 1.6, 1.6, 1.8, 2.0, 2.0, 2.0, 2.0, 2.0, 2.0, 2.0, 2.0, 2.1, 2.3, 2.3, 2.3, 2.5, 2.5, 2.5, 2.5, 2.5, 2.5, 2.5, 2.5, 2.7, 2.75, 2.8, 2.8, 2.8, 2.8, 2.8, 2.8, 2.8, 2.8, 2.8, 2.8, 2.8, 3.0, 3.1, 3.1, 3.25, 3.25, 3.5, 4.0, 4.0, 4.2, 4.2, 4.4, 4.5, 4.5, 4.5, 4.8, 4.8, 4.95, 5.0, 5.0, 5.0, 5.25, 5.25, 5.25, 5.5, 5.8, 5.8, 5.8, 5.8, 5.95, 5.95, 5.95, 5.95, 6.0, 6.0, 6.0, 6.0, 6.0, 6.0, 6.0]
[0.8, 1.5, 1.5, 1.6, 1.6, 1.6, 1.6, 1.6, 1.8, 2.0, 2.0, 2.0, 2.0, 2.0, 2.0, 2.0, 2.0, 2.1, 2.3, 2.3, 2.3, 2.5, 2.5, 2.5, 2.5, 2.5, 2.5, 2.5, 2.5, 2.7, 2.75, 2.8, 2.8, 2.8, 2.8, 2.8, 2.8, 2.8, 2.8, 2.8, 2.8, 2.8, 3.0, 3.1, 3.1, 3.25, 3.25, 3.5, 4.0, 4.0, 4.2, 4.2, 4.4, 4.5, 4.5, 4.5, 4.8, 4.8, 4.95, 5.0, 5.0, 5.0, 5.25, 5.25, 5.25, 5.5, 5.8, 5.8, 5.8, 5.8, 5.95, 5.95, 5.95, 5.95, 6.0, 6.0, 6.0, 6.0, 6.0, 6.0, 6.0, 6.0, 6.0, 6.0, 6.0, 6.0, 6.0, 6.0, 6.0, 6.0]
]]></system-out>
  <system-err><![CDATA[SLF4J: No SLF4J providers were found.
SLF4J: Defaulting to no-operation (NOP) logger implementation
SLF4J: See https://www.slf4j.org/codes.html#noProviders for further details.
Starting Microsoft Edge WebDriver 111.0.1661.44 (fc2a57ec5a410298200db8ad3013657d5472c408) on port 42036
To submit feedback, report a bug, or suggest new features, please visit https://github.com/MicrosoftEdge/EdgeWebDriver

Only local connections are allowed.
Please see https://aka.ms/WebDriverSecurity for suggestions on keeping Microsoft Edge WebDriver safe.

Microsoft Edge WebDriver was started successfully.
mar 18, 2023 6:55:20 P. M. org.openqa.selenium.devtools.CdpVersionFinder findNearestMatch
WARNING: Unable to find an exact match for CDP version 111, so returning the closest version found: 109
]]></system-err>
</testsuite>
